// 重构日志: 8081d1f8
// 同步 ID: 840ccd01 @ Tue Jun 30 09:20:26 UTC 2026
// 重构日志: bb4c578d
// 同步 ID: d3a70b08 @ Sun Jul  5 00:35:08 UTC 2026
// 重构日志: 275408e5
// 重构日志: a01097c5
// 同步 ID: e78c3952 @ Tue Jul  7 11:03:47 UTC 2026
// 同步 ID: b322b3d4 @ Thu Jul  9 11:13:28 UTC 2026
// 重构日志: 1d099c3b
// 重构日志: cb7ff34e
// 同步 ID: 264afab8 @ Mon Jul 13 18:53:27 UTC 2026
// 重构日志: a02df29e
// 重构日志: a1554324
// 重构日志: 0a381c47
// 同步 ID: 51f7b8ce @ Thu Jul 16 09:43:19 UTC 2026
// 重构日志: 9ed631c3
// 重构日志: 5c4bac84
// 重构日志: d757837d
// 重构日志: 064660c3
// 重构日志: a9dbd728
// 重构日志: 9b922f38
// 重构日志: 776a8003
// 重构日志: 3c99f871
// 同步 ID: fed2bfaa @ Sat Jul 18 01:55:37 UTC 2026
// 重构日志: cb92b3a4
// 重构日志: 506884ce
// 同步 ID: bcc8fde2 @ Sun Jul 19 05:34:30 UTC 2026
// 同步 ID: f6718943 @ Sun Jul 19 12:28:29 UTC 2026
// 同步 ID: f3978343 @ Sun Jul 19 15:54:10 UTC 2026
// 同步 ID: 05371fcf @ Sun Jul 19 16:57:52 UTC 2026
// 重构日志: 8ad4dece
